Traceback (most recent call last):
  File "/home/runner/.local/lib/python3.10/site-packages/jupyter_cache/executors/utils.py", line 58, in single_nb_execution
    executenb(
  File "/home/runner/.local/lib/python3.10/site-packages/nbclient/client.py", line 1305, in execute
    return NotebookClient(nb=nb, resources=resources, km=km, **kwargs).execute()
  File "/home/runner/.local/lib/python3.10/site-packages/jupyter_core/utils/__init__.py", line 165, in wrapped
    return loop.run_until_complete(inner)
  File "/usr/lib/python3.10/asyncio/base_events.py", line 649, in run_until_complete
    return future.result()
  File "/home/runner/.local/lib/python3.10/site-packages/nbclient/client.py", line 705, in async_execute
    await self.async_execute_cell(
  File "/home/runner/.local/lib/python3.10/site-packages/nbclient/client.py", line 1058, in async_execute_cell
    await self._check_raise_for_error(cell, cell_index, exec_reply)
  File "/home/runner/.local/lib/python3.10/site-packages/nbclient/client.py", line 914, in _check_raise_for_error
    raise CellExecutionError.from_cell_and_msg(cell, exec_reply_content)
nbclient.exceptions.CellExecutionError: An error occurred while executing the following cell:
------------------
# For displayability, shorten col names
shortened_pred = "pred_X"
shortened_pred_interval = "pred_X_30_to_90"
shortened_outcome = "outc_Y"

df = df.rename(
    {
        "pred_predictor_name_within_0_to_730_days_mean_fallback_nan": shortened_pred,
        "pred_predictor_interval_name_within_30_to_90_days_mean_fallback_nan": shortened_pred_interval,
        "outc_outcome_name_within_0_to_365_days_maximum_fallback_0_dichotomous": shortened_outcome,
    },
    axis=1,
)

df[0:10].style.set_table_attributes('style="font-size: 14px"')
------------------


[0;31m---------------------------------------------------------------------------[0m
[0;31mImportError[0m                               Traceback (most recent call last)
Cell [0;32mIn[12], line 15[0m
[1;32m      4[0m shortened_outcome [38;5;241m=[39m [38;5;124m"[39m[38;5;124moutc_Y[39m[38;5;124m"[39m
[1;32m      6[0m df [38;5;241m=[39m df[38;5;241m.[39mrename(
[1;32m      7[0m     {
[1;32m      8[0m         [38;5;124m"[39m[38;5;124mpred_predictor_name_within_0_to_730_days_mean_fallback_nan[39m[38;5;124m"[39m: shortened_pred,
[0;32m   (...)[0m
[1;32m     12[0m     axis[38;5;241m=[39m[38;5;241m1[39m,
[1;32m     13[0m )
[0;32m---> 15[0m [43mdf[49m[43m[[49m[38;5;241;43m0[39;49m[43m:[49m[38;5;241;43m10[39;49m[43m][49m[38;5;241;43m.[39;49m[43mstyle[49m[38;5;241m.[39mset_table_attributes([38;5;124m'[39m[38;5;124mstyle=[39m[38;5;124m"[39m[38;5;124mfont-size: 14px[39m[38;5;124m"[39m[38;5;124m'[39m)

File [0;32m~/.local/lib/python3.10/site-packages/pandas/core/frame.py:1338[0m, in [0;36mDataFrame.style[0;34m(self)[0m
[1;32m   1318[0m [38;5;129m@property[39m
[1;32m   1319[0m [38;5;28;01mdef[39;00m [38;5;21mstyle[39m([38;5;28mself[39m) [38;5;241m-[39m[38;5;241m>[39m Styler:
[1;32m   1320[0m [38;5;250m    [39m[38;5;124;03m"""[39;00m
[1;32m   1321[0m [38;5;124;03m    Returns a Styler object.[39;00m
[1;32m   1322[0m 
[0;32m   (...)[0m
[1;32m   1336[0m [38;5;124;03m    `Table Visualization <../../user_guide/style.ipynb>`_ for more examples.[39;00m
[1;32m   1337[0m [38;5;124;03m    """[39;00m
[0;32m-> 1338[0m     [38;5;28;01mfrom[39;00m [38;5;21;01mpandas[39;00m[38;5;21;01m.[39;00m[38;5;21;01mio[39;00m[38;5;21;01m.[39;00m[38;5;21;01mformats[39;00m[38;5;21;01m.[39;00m[38;5;21;01mstyle[39;00m [38;5;28;01mimport[39;00m Styler
[1;32m   1340[0m     [38;5;28;01mreturn[39;00m Styler([38;5;28mself[39m)

File [0;32m~/.local/lib/python3.10/site-packages/pandas/io/formats/style.py:44[0m
[1;32m     40[0m [38;5;28;01mfrom[39;00m [38;5;21;01mpandas[39;00m[38;5;21;01m.[39;00m[38;5;21;01mcore[39;00m[38;5;21;01m.[39;00m[38;5;21;01mshared_docs[39;00m [38;5;28;01mimport[39;00m _shared_docs
[1;32m     42[0m [38;5;28;01mfrom[39;00m [38;5;21;01mpandas[39;00m[38;5;21;01m.[39;00m[38;5;21;01mio[39;00m[38;5;21;01m.[39;00m[38;5;21;01mformats[39;00m[38;5;21;01m.[39;00m[38;5;21;01mformat[39;00m [38;5;28;01mimport[39;00m save_to_buffer
[0;32m---> 44[0m jinja2 [38;5;241m=[39m [43mimport_optional_dependency[49m[43m([49m[38;5;124;43m"[39;49m[38;5;124;43mjinja2[39;49m[38;5;124;43m"[39;49m[43m,[49m[43m [49m[43mextra[49m[38;5;241;43m=[39;49m[38;5;124;43m"[39;49m[38;5;124;43mDataFrame.style requires jinja2.[39;49m[38;5;124;43m"[39;49m[43m)[49m
[1;32m     46[0m [38;5;28;01mfrom[39;00m [38;5;21;01mpandas[39;00m[38;5;21;01m.[39;00m[38;5;21;01mio[39;00m[38;5;21;01m.[39;00m[38;5;21;01mformats[39;00m[38;5;21;01m.[39;00m[38;5;21;01mstyle_render[39;00m [38;5;28;01mimport[39;00m (
[1;32m     47[0m     CSSProperties,
[1;32m     48[0m     CSSStyles,
[0;32m   (...)[0m
[1;32m     56[0m     refactor_levels,
[1;32m     57[0m )
[1;32m     59[0m [38;5;28;01mif[39;00m TYPE_CHECKING:

File [0;32m~/.local/lib/python3.10/site-packages/pandas/compat/_optional.py:161[0m, in [0;36mimport_optional_dependency[0;34m(name, extra, errors, min_version)[0m
[1;32m    159[0m             [38;5;28;01mreturn[39;00m [38;5;28;01mNone[39;00m
[1;32m    160[0m         [38;5;28;01melif[39;00m errors [38;5;241m==[39m [38;5;124m"[39m[38;5;124mraise[39m[38;5;124m"[39m:
[0;32m--> 161[0m             [38;5;28;01mraise[39;00m [38;5;167;01mImportError[39;00m(msg)
[1;32m    163[0m [38;5;28;01mreturn[39;00m module

[0;31mImportError[0m: Pandas requires version '3.1.2' or newer of 'jinja2' (version '3.0.3' currently installed).

