Traceback (most recent call last):
  File "/home/runner/.local/lib/python3.10/site-packages/jupyter_cache/executors/utils.py", line 58, in single_nb_execution
    executenb(
  File "/home/runner/.local/lib/python3.10/site-packages/nbclient/client.py", line 1305, in execute
    return NotebookClient(nb=nb, resources=resources, km=km, **kwargs).execute()
  File "/home/runner/.local/lib/python3.10/site-packages/jupyter_core/utils/__init__.py", line 166, in wrapped
    return loop.run_until_complete(inner)
  File "/usr/lib/python3.10/asyncio/base_events.py", line 646, in run_until_complete
    return future.result()
  File "/home/runner/.local/lib/python3.10/site-packages/nbclient/client.py", line 705, in async_execute
    await self.async_execute_cell(
  File "/home/runner/.local/lib/python3.10/site-packages/nbclient/client.py", line 1058, in async_execute_cell
    await self._check_raise_for_error(cell, cell_index, exec_reply)
  File "/home/runner/.local/lib/python3.10/site-packages/nbclient/client.py", line 914, in _check_raise_for_error
    raise CellExecutionError.from_cell_and_msg(cell, exec_reply_content)
nbclient.exceptions.CellExecutionError: An error occurred while executing the following cell:
------------------
from skimpy import skim
from timeseriesflattener.testing.load_synth_data import load_synth_predictor_float
from timeseriesflattener.resolve_multiple_functions import mean
from timeseriesflattener.feature_spec_objects import PredictorSpec
from pprint import pprint
import numpy as np
------------------


[0;31m---------------------------------------------------------------------------[0m
[0;31mModuleNotFoundError[0m                       Traceback (most recent call last)
Cell [0;32mIn[1], line 1[0m
[0;32m----> 1[0m [38;5;28;01mfrom[39;00m [38;5;21;01mskimpy[39;00m [38;5;28;01mimport[39;00m skim
[1;32m      2[0m [38;5;28;01mfrom[39;00m [38;5;21;01mtimeseriesflattener[39;00m[38;5;21;01m.[39;00m[38;5;21;01mtesting[39;00m[38;5;21;01m.[39;00m[38;5;21;01mload_synth_data[39;00m [38;5;28;01mimport[39;00m load_synth_predictor_float
[1;32m      3[0m [38;5;28;01mfrom[39;00m [38;5;21;01mtimeseriesflattener[39;00m[38;5;21;01m.[39;00m[38;5;21;01mresolve_multiple_functions[39;00m [38;5;28;01mimport[39;00m mean

[0;31mModuleNotFoundError[0m: No module named 'skimpy'

